2025-07-02 16:07:34,863 | INFO     | logger          | __init__             | Logging initialized. Log file: logs\planogram_20250702.log
2025-07-02 16:07:42,973 | INFO     | main            | run_product_category_optimization | Loading Phone Cases for APP store...
2025-07-02 16:07:42,990 | INFO     | main            | run_product_category_optimization | Loaded 399 products in Phone Cases
2025-07-02 16:07:42,993 | ERROR    | main            | interactive_mode     | Error in interactive mode: unsupported operand type(s) for *: 'NoneType' and 'float'
Traceback (most recent call last):
  File "C:\Users\Shivansh Pal\Desktop\Planogram_Project\main.py", line 45, in interactive_mode
    run_product_category_optimization(loader, logger)
  File "C:\Users\Shivansh Pal\Desktop\Planogram_Project\main.py", line 158, in run_product_category_optimization
    products = transformer.prepare_products_for_store(products, store, strategy)
               ^^^^^^^^^^^^^^^^^^^^^^^^^^^^^^^^^^^^^^^^^^^^^^^^^^^^^^^^^^^^^^^^^
  File "C:\Users\Shivansh Pal\Desktop\Planogram_Project\src\data_processing\data_transformer.py", line 33, in prepare_products_for_store
    filtered_products = self._apply_balanced_optimization(filtered_products, store)
                        ^^^^^^^^^^^^^^^^^^^^^^^^^^^^^^^^^^^^^^^^^^^^^^^^^^^^^^^^^^^
  File "C:\Users\Shivansh Pal\Desktop\Planogram_Project\src\data_processing\data_transformer.py", line 114, in _apply_balanced_optimization
    attach_score * weights.get('attach_rate', 0.3)
    ~~~~~~~~~~~~~^~~~~~~~~~~~~~~~~~~~~~~~~~~~~~~~~
TypeError: unsupported operand type(s) for *: 'NoneType' and 'float'
2025-07-02 16:13:55,756 | INFO     | logger          | __init__             | Logging initialized. Log file: logs\planogram_20250702.log
2025-07-02 16:14:07,475 | INFO     | main            | run_product_category_optimization | Loading Phone Cases for APP store...
2025-07-02 16:14:07,491 | INFO     | main            | run_product_category_optimization | Loaded 399 products in Phone Cases
2025-07-02 16:14:07,495 | INFO     | main            | run_product_category_optimization | Running balanced optimization...
2025-07-02 16:14:07,495 | INFO     | base_optimizer  | create_planogram     | Starting optimization with 399 products
2025-07-02 16:14:07,496 | INFO     | base_optimizer  | create_planogram     | After store filtering: 399 products
2025-07-02 16:14:07,496 | INFO     | product_optimizer | optimize             | Running product optimization with strategy: balanced
2025-07-02 16:14:07,496 | ERROR    | base_optimizer  | create_planogram     | Optimization failed: unsupported operand type(s) for *: 'NoneType' and 'float'
2025-07-02 16:14:07,496 | ERROR    | main            | interactive_mode     | Error in interactive mode: Optimization failed: unsupported operand type(s) for *: 'NoneType' and 'float'
Traceback (most recent call last):
  File "C:\Users\Shivansh Pal\Desktop\Planogram_Project\src\optimization\base_optimizer.py", line 274, in create_planogram
    result = self.optimize(filtered_products, **kwargs)
             ^^^^^^^^^^^^^^^^^^^^^^^^^^^^^^^^^^^^^^^^^^
  File "C:\Users\Shivansh Pal\Desktop\Planogram_Project\src\utils\monitor.py", line 15, in wrapper
    result = func(*args, **kwargs)
             ^^^^^^^^^^^^^^^^^^^^^
  File "C:\Users\Shivansh Pal\Desktop\Planogram_Project\src\optimization\product_optimizer.py", line 22, in optimize
    sorted_products = self._sort_products_by_priority(products)
                      ^^^^^^^^^^^^^^^^^^^^^^^^^^^^^^^^^^^^^^^^^
  File "C:\Users\Shivansh Pal\Desktop\Planogram_Project\src\optimization\base_optimizer.py", line 81, in _sort_products_by_priority
    attach_score = getattr(product, 'attach_rate', 0) * weights.get('attach_rate', 0.2)
                   ~~~~~~~~~~~~~~~~~~~~~~~~~~~~~~~~~~~^~~~~~~~~~~~~~~~~~~~~~~~~~~~~~~~~
TypeError: unsupported operand type(s) for *: 'NoneType' and 'float'

During handling of the above exception, another exception occurred:

Traceback (most recent call last):
  File "C:\Users\Shivansh Pal\Desktop\Planogram_Project\main.py", line 45, in interactive_mode
    run_product_category_optimization(loader, logger)
  File "C:\Users\Shivansh Pal\Desktop\Planogram_Project\main.py", line 169, in run_product_category_optimization
    result = optimizer.create_planogram(products)
             ^^^^^^^^^^^^^^^^^^^^^^^^^^^^^^^^^^^^
  File "C:\Users\Shivansh Pal\Desktop\Planogram_Project\src\utils\error_handler.py", line 31, in wrapper
    return func(*args, **kwargs)
           ^^^^^^^^^^^^^^^^^^^^^
  File "C:\Users\Shivansh Pal\Desktop\Planogram_Project\src\optimization\base_optimizer.py", line 293, in create_planogram
    raise OptimizationError(f"Optimization failed: {str(e)}")
src.utils.error_handler.OptimizationError: Optimization failed: unsupported operand type(s) for *: 'NoneType' and 'float'
2025-07-02 16:23:51,685 | INFO     | logger          | __init__             | Logging initialized. Log file: logs\planogram_20250702.log
2025-07-02 16:23:56,586 | INFO     | main            | run_product_category_optimization | Loading Phone Cases for AAR store...
2025-07-02 16:23:56,607 | INFO     | main            | run_product_category_optimization | Loaded 399 products in Phone Cases
2025-07-02 16:23:56,610 | INFO     | main            | run_product_category_optimization | Running balanced optimization...
2025-07-02 16:23:56,610 | INFO     | base_optimizer  | create_planogram     | Starting optimization with 30 products
2025-07-02 16:23:56,611 | INFO     | base_optimizer  | create_planogram     | After store filtering: 30 products
2025-07-02 16:23:56,611 | INFO     | product_optimizer | optimize             | Running product optimization with strategy: balanced
2025-07-02 16:23:56,611 | INFO     | base_optimizer  | create_planogram     | Optimization completed in 0.00s
2025-07-02 16:23:56,612 | INFO     | base_optimizer  | create_planogram     | Placed 0 products with 0 facings
2025-07-02 16:23:56,612 | INFO     | main            | visualize_and_export_results | Creating visualization...
2025-07-02 16:23:58,728 | INFO     | planogram_visualizer | visualize_planogram  | Planogram saved to output/cases_AAR_balanced.png
2025-07-02 16:23:58,728 | INFO     | main            | visualize_and_export_results | Creating quantity heatmap...
2025-07-02 16:23:58,929 | INFO     | main            | visualize_and_export_results | Exporting results...
2025-07-02 16:23:58,931 | INFO     | export_handler  | export_to_json       | Exported planogram to output\cases_AAR_balanced.json
2025-07-02 16:23:59,132 | INFO     | export_handler  | export_to_excel      | Exported planogram to output\cases_AAR_balanced.xlsx
2025-07-02 16:23:59,136 | INFO     | export_handler  | export_to_csv        | Exported 2 CSV files
2025-07-02 16:29:23,112 | INFO     | logger          | __init__             | Logging initialized. Log file: logs\planogram_20250702.log
2025-07-02 16:29:28,464 | INFO     | main            | run_product_category_optimization | Loading Phone Cases for APR store...
2025-07-02 16:29:28,484 | INFO     | main            | run_product_category_optimization | Loaded 399 products in Phone Cases
2025-07-02 16:29:28,488 | INFO     | main            | run_product_category_optimization | Running balanced optimization...
2025-07-02 16:29:28,488 | INFO     | base_optimizer  | create_planogram     | Starting optimization with 20 products
2025-07-02 16:29:28,489 | INFO     | base_optimizer  | create_planogram     | After store filtering: 20 products
2025-07-02 16:29:28,489 | INFO     | product_optimizer | optimize             | Running product optimization with strategy: balanced
2025-07-02 16:29:28,489 | INFO     | base_optimizer  | create_planogram     | Optimization completed in 0.00s
2025-07-02 16:29:28,489 | INFO     | base_optimizer  | create_planogram     | Placed 5 products with 28 facings
2025-07-02 16:29:28,489 | INFO     | main            | visualize_and_export_results | Creating visualization...
2025-07-02 16:29:29,177 | INFO     | planogram_visualizer | visualize_planogram  | Planogram saved to output/cases_APR_balanced.png
2025-07-02 16:29:29,178 | INFO     | main            | visualize_and_export_results | Creating quantity heatmap...
2025-07-02 16:29:29,493 | INFO     | main            | visualize_and_export_results | Exporting results...
2025-07-02 16:29:29,496 | INFO     | export_handler  | export_to_json       | Exported planogram to output\cases_APR_balanced.json
2025-07-02 16:29:29,697 | INFO     | export_handler  | export_to_excel      | Exported planogram to output\cases_APR_balanced.xlsx
2025-07-02 16:29:29,701 | INFO     | export_handler  | export_to_csv        | Exported 2 CSV files
2025-07-02 16:34:54,448 | INFO     | logger          | __init__             | Logging initialized. Log file: logs\planogram_20250702.log
2025-07-02 16:34:58,572 | INFO     | main            | run_product_category_optimization | Loading Phone Cases for AAR store...
2025-07-02 16:34:58,593 | INFO     | main            | run_product_category_optimization | Loaded 399 products in Phone Cases
2025-07-02 16:34:58,597 | INFO     | main            | run_product_category_optimization | Running balanced optimization...
2025-07-02 16:34:58,597 | INFO     | base_optimizer  | create_planogram     | Starting optimization with 30 products
2025-07-02 16:34:58,597 | INFO     | base_optimizer  | create_planogram     | After store filtering: 30 products
2025-07-02 16:34:58,597 | INFO     | product_optimizer | optimize             | Running product optimization with strategy: balanced
2025-07-02 16:34:58,598 | DEBUG    | product_optimizer | _optimize_balanced   | Trying to place Gripp FOCAL Camera Lens Protector 3N1  Compatible with Apple iPhone 16 Pro   iPhone 16 Pro Max  - Gold: 11.0x21.0cm, facings: 6
2025-07-02 16:34:58,598 | DEBUG    | product_optimizer | _optimize_balanced   | Placed Gripp FOCAL Camera Lens Protector 3N1  Compatible with Apple iPhone 16 Pro   iPhone 16 Pro Max  - Gold on shelf Upper-Mid Shelf
2025-07-02 16:34:58,598 | DEBUG    | product_optimizer | _optimize_balanced   | Trying to place Gripp Privacy Glass for  Apple iPhone 15 Pro Max  6.7    Black: 11.0x21.0cm, facings: 5
2025-07-02 16:34:58,598 | DEBUG    | product_optimizer | _optimize_balanced   | Placed Gripp Privacy Glass for  Apple iPhone 15 Pro Max  6.7    Black on shelf Eye Level Shelf 1
2025-07-02 16:34:58,598 | DEBUG    | product_optimizer | _optimize_balanced   | Trying to place Gripp FOCAL Camera Lens Protector 3N1  Compatible with Apple iPhone 16 Pro   iPhone 16 Pro Max  - Natural Titanium: 11.0x21.0cm, facings: 6
2025-07-02 16:34:58,598 | DEBUG    | product_optimizer | _optimize_balanced   | Placed Gripp FOCAL Camera Lens Protector 3N1  Compatible with Apple iPhone 16 Pro   iPhone 16 Pro Max  - Natural Titanium on shelf Eye Level Shelf 2
2025-07-02 16:34:58,598 | DEBUG    | product_optimizer | _optimize_balanced   | Trying to place Gripp Clear MagSafe Case for Apple iPhone 15 Max  6.7  with White Ring - Clear: 11.0x21.0cm, facings: 6
2025-07-02 16:34:58,598 | DEBUG    | product_optimizer | _optimize_balanced   | Placed Gripp Clear MagSafe Case for Apple iPhone 15 Max  6.7  with White Ring - Clear on shelf Eye Level Shelf 1
2025-07-02 16:34:58,598 | DEBUG    | product_optimizer | _optimize_balanced   | Trying to place Gripp FOCAL Camera Lens Protector 3N1 (Compatible with Apple iPhone 15 Pro & iPhone 15 Pro Max) - Grey/Gold: 11.0x21.0cm, facings: 5
2025-07-02 16:34:58,598 | DEBUG    | product_optimizer | _optimize_balanced   | Could not fit Gripp FOCAL Camera Lens Protector 3N1 (Compatible with Apple iPhone 15 Pro & iPhone 15 Pro Max) - Grey/Gold on best shelf Upper-Mid Shelf
2025-07-02 16:34:58,598 | DEBUG    | product_optimizer | _optimize_balanced   | Placed Gripp FOCAL Camera Lens Protector 3N1 (Compatible with Apple iPhone 15 Pro & iPhone 15 Pro Max) - Grey/Gold on shelf Bottom Shelf
2025-07-02 16:34:58,598 | DEBUG    | product_optimizer | _optimize_balanced   | Could not fit Gripp FOCAL Camera Lens Protector 3N1 Compatible with Apple iPhone 16 Pro   iPhone 16 Pro Max  - Black on best shelf Upper-Mid Shelf
2025-07-02 16:34:58,598 | DEBUG    | product_optimizer | _optimize_balanced   | Placed Gripp FOCAL Camera Lens Protector 3N1 Compatible with Apple iPhone 16 Pro   iPhone 16 Pro Max  - Black on shelf Lower-Mid Shelf
2025-07-02 16:34:58,598 | DEBUG    | product_optimizer | _optimize_balanced   | Could not fit Gripp Tempered Glass 0.3mm  for Apple iPhone 15 PRO Max  6.7    Clear on best shelf Upper-Mid Shelf
2025-07-02 16:34:58,598 | DEBUG    | product_optimizer | _optimize_balanced   | Placed Gripp Tempered Glass 0.3mm  for Apple iPhone 15 PRO Max  6.7    Clear on shelf Top Shelf
2025-07-02 16:34:58,598 | DEBUG    | product_optimizer | _optimize_balanced   | Could not fit iPhone 16 Pro Max Clear Case with MagSafe on best shelf Upper-Mid Shelf
2025-07-02 16:34:58,598 | DEBUG    | product_optimizer | _optimize_balanced   | Placed iPhone 16 Pro Max Clear Case with MagSafe on shelf Bottom Shelf
2025-07-02 16:34:58,598 | DEBUG    | product_optimizer | _optimize_balanced   | Could not fit Pulse CRYSTAL Case with Metal Camera Stand for iPhone 16-White on best shelf Upper-Mid Shelf
2025-07-02 16:34:58,598 | DEBUG    | product_optimizer | _optimize_balanced   | Placed Pulse CRYSTAL Case with Metal Camera Stand for iPhone 16-White on shelf Top Shelf
2025-07-02 16:34:58,598 | DEBUG    | product_optimizer | _optimize_balanced   | Could not fit Gripp FOCAL Camera Lens Protector 3N1 (Compatible with Apple iPhone 15 Pro & iPhone 15 Pro Max) - Diamond Blue on best shelf Upper-Mid Shelf
2025-07-02 16:34:58,598 | DEBUG    | product_optimizer | _optimize_balanced   | Rejected Gripp FOCAL Camera Lens Protector 3N1 (Compatible with Apple iPhone 15 Pro & iPhone 15 Pro Max) - Diamond Blue - no suitable shelf found
2025-07-02 16:34:58,598 | DEBUG    | product_optimizer | _optimize_balanced   | Could not fit Gripp FOCAL Camera Lens Protector 3N1(Compatible with Apple iPhone 15 Pro & iPhone 15 Pro Max) - Grey on best shelf Upper-Mid Shelf
2025-07-02 16:34:58,598 | DEBUG    | product_optimizer | _optimize_balanced   | Rejected Gripp FOCAL Camera Lens Protector 3N1(Compatible with Apple iPhone 15 Pro & iPhone 15 Pro Max) - Grey - no suitable shelf found
2025-07-02 16:34:58,598 | DEBUG    | product_optimizer | _optimize_balanced   | Could not fit Gripp FOCAL Camera Lens Protector 3N1  Compatible with Apple iPhone 16 Pro   iPhone 16 Pro Max  - Silver on best shelf Upper-Mid Shelf
2025-07-02 16:34:58,598 | DEBUG    | product_optimizer | _optimize_balanced   | Rejected Gripp FOCAL Camera Lens Protector 3N1  Compatible with Apple iPhone 16 Pro   iPhone 16 Pro Max  - Silver - no suitable shelf found
2025-07-02 16:34:58,598 | DEBUG    | product_optimizer | _optimize_balanced   | Could not fit iPhone 16 Pro Clear Case with MagSafe on best shelf Upper-Mid Shelf
2025-07-02 16:34:58,598 | DEBUG    | product_optimizer | _optimize_balanced   | Rejected iPhone 16 Pro Clear Case with MagSafe - no suitable shelf found
2025-07-02 16:34:58,598 | DEBUG    | product_optimizer | _optimize_balanced   | Could not fit Pulse Super crystal magsafe case for iPhone 15-Black on best shelf Upper-Mid Shelf
2025-07-02 16:34:58,598 | DEBUG    | product_optimizer | _optimize_balanced   | Rejected Pulse Super crystal magsafe case for iPhone 15-Black - no suitable shelf found
2025-07-02 16:34:58,598 | DEBUG    | product_optimizer | _optimize_balanced   | Could not fit Pulse Newton Magsafe Case for iPhone 15-Grey on best shelf Upper-Mid Shelf
2025-07-02 16:34:58,598 | DEBUG    | product_optimizer | _optimize_balanced   | Rejected Pulse Newton Magsafe Case for iPhone 15-Grey - no suitable shelf found
2025-07-02 16:34:58,598 | DEBUG    | product_optimizer | _optimize_balanced   | Placed Pulse LIQUID silicon case for iPhone 15-Storm Blue on shelf Upper-Mid Shelf
2025-07-02 16:34:58,598 | DEBUG    | product_optimizer | _optimize_balanced   | Placed Pulse THOR Leather case for iPhone 15-Black on shelf Eye Level Shelf 2
2025-07-02 16:34:58,598 | DEBUG    | product_optimizer | _optimize_balanced   | Could not fit Pulse LIQUID silicon case for iPhone 15-Black on best shelf Upper-Mid Shelf
2025-07-02 16:34:58,598 | DEBUG    | product_optimizer | _optimize_balanced   | Placed Pulse LIQUID silicon case for iPhone 15-Black on shelf Lower-Mid Shelf
2025-07-02 16:34:58,598 | DEBUG    | product_optimizer | _optimize_balanced   | Could not fit Pulse Tire magsafe case for iPhone 15 Black on best shelf Upper-Mid Shelf
2025-07-02 16:34:58,598 | DEBUG    | product_optimizer | _optimize_balanced   | Rejected Pulse Tire magsafe case for iPhone 15 Black - no suitable shelf found
2025-07-02 16:34:58,599 | DEBUG    | product_optimizer | _optimize_balanced   | Could not fit Pulse HORNOR Case for iPhone 15-Black on best shelf Upper-Mid Shelf
2025-07-02 16:34:58,599 | DEBUG    | product_optimizer | _optimize_balanced   | Rejected Pulse HORNOR Case for iPhone 15-Black - no suitable shelf found
2025-07-02 16:34:58,599 | DEBUG    | product_optimizer | _optimize_balanced   | Could not fit Pulse THOR Leather case for iPhone 15-Blue on best shelf Upper-Mid Shelf
2025-07-02 16:34:58,599 | DEBUG    | product_optimizer | _optimize_balanced   | Rejected Pulse THOR Leather case for iPhone 15-Blue - no suitable shelf found
2025-07-02 16:34:58,599 | DEBUG    | product_optimizer | _optimize_balanced   | Could not fit Gripp Dust Proof 3D Tempered Glass for Apple iPhone 16 Pro Max  6.9   - Black on best shelf Upper-Mid Shelf
2025-07-02 16:34:58,599 | DEBUG    | product_optimizer | _optimize_balanced   | Rejected Gripp Dust Proof 3D Tempered Glass for Apple iPhone 16 Pro Max  6.9   - Black - no suitable shelf found
2025-07-02 16:34:58,599 | DEBUG    | product_optimizer | _optimize_balanced   | Could not fit Gripp FOCAL Camera Lens Protector 2N1  Compatible with Apple iPhone 16   iPhone 16 Plus  - Green on best shelf Upper-Mid Shelf
2025-07-02 16:34:58,599 | DEBUG    | product_optimizer | _optimize_balanced   | Rejected Gripp FOCAL Camera Lens Protector 2N1  Compatible with Apple iPhone 16   iPhone 16 Plus  - Green - no suitable shelf found
2025-07-02 16:34:58,599 | DEBUG    | product_optimizer | _optimize_balanced   | Could not fit Pulse Newton Magsafe Case for iPhone 15-Black on best shelf Upper-Mid Shelf
2025-07-02 16:34:58,599 | DEBUG    | product_optimizer | _optimize_balanced   | Rejected Pulse Newton Magsafe Case for iPhone 15-Black - no suitable shelf found
2025-07-02 16:34:58,599 | DEBUG    | product_optimizer | _optimize_balanced   | Could not fit Pulse FROSTED Case for iPhone 15-Black on best shelf Upper-Mid Shelf
2025-07-02 16:34:58,599 | DEBUG    | product_optimizer | _optimize_balanced   | Rejected Pulse FROSTED Case for iPhone 15-Black - no suitable shelf found
2025-07-02 16:34:58,599 | DEBUG    | product_optimizer | _optimize_balanced   | Could not fit PULSE Matt Magsafe Case for iPhone 16-Black on best shelf Upper-Mid Shelf
2025-07-02 16:34:58,599 | DEBUG    | product_optimizer | _optimize_balanced   | Rejected PULSE Matt Magsafe Case for iPhone 16-Black - no suitable shelf found
2025-07-02 16:34:58,599 | DEBUG    | product_optimizer | _optimize_balanced   | Could not fit Pulse Clear Magsafe Case for iPhone 15-Clear on best shelf Upper-Mid Shelf
2025-07-02 16:34:58,599 | DEBUG    | product_optimizer | _optimize_balanced   | Rejected Pulse Clear Magsafe Case for iPhone 15-Clear - no suitable shelf found
2025-07-02 16:34:58,599 | DEBUG    | product_optimizer | _optimize_balanced   | Could not fit Pulse Armor Magsafe case for iPhone 15 Black on best shelf Upper-Mid Shelf
2025-07-02 16:34:58,599 | DEBUG    | product_optimizer | _optimize_balanced   | Rejected Pulse Armor Magsafe case for iPhone 15 Black - no suitable shelf found
2025-07-02 16:34:58,599 | DEBUG    | product_optimizer | _optimize_balanced   | Could not fit Pulse TANK Gradient Magsafe case for iPhone 15-Blue on best shelf Upper-Mid Shelf
2025-07-02 16:34:58,599 | DEBUG    | product_optimizer | _optimize_balanced   | Rejected Pulse TANK Gradient Magsafe case for iPhone 15-Blue - no suitable shelf found
2025-07-02 16:34:58,599 | DEBUG    | product_optimizer | _optimize_balanced   | Could not fit PULSE ARMOUR Case for iPhone 16-Black on best shelf Upper-Mid Shelf
2025-07-02 16:34:58,599 | DEBUG    | product_optimizer | _optimize_balanced   | Rejected PULSE ARMOUR Case for iPhone 16-Black - no suitable shelf found
2025-07-02 16:34:58,599 | INFO     | base_optimizer  | create_planogram     | Optimization completed in 0.00s
2025-07-02 16:34:58,599 | INFO     | base_optimizer  | create_planogram     | Placed 12 products with 0 facings
2025-07-02 16:34:58,600 | INFO     | main            | visualize_and_export_results | Creating visualization...
2025-07-02 16:34:59,261 | INFO     | planogram_visualizer | visualize_planogram  | Planogram saved to output/cases_AAR_balanced.png
2025-07-02 16:34:59,261 | INFO     | main            | visualize_and_export_results | Creating quantity heatmap...
2025-07-02 16:34:59,465 | INFO     | main            | visualize_and_export_results | Exporting results...
2025-07-02 16:34:59,466 | INFO     | export_handler  | export_to_json       | Exported planogram to output\cases_AAR_balanced.json
2025-07-02 16:34:59,653 | INFO     | export_handler  | export_to_excel      | Exported planogram to output\cases_AAR_balanced.xlsx
2025-07-02 16:34:59,657 | INFO     | export_handler  | export_to_csv        | Exported 2 CSV files
2025-07-02 17:21:12,902 | INFO     | logger          | __init__             | Logging initialized. Log file: logs\planogram_20250702.log
2025-07-02 17:21:21,323 | INFO     | main            | run_product_category_optimization | Loading Phone Cases for AAR store...
2025-07-02 17:21:21,340 | INFO     | main            | run_product_category_optimization | Loaded 399 products in Phone Cases
2025-07-02 17:21:21,345 | INFO     | main            | run_product_category_optimization | Running category_grouped optimization...
2025-07-02 17:21:21,345 | INFO     | base_optimizer  | create_planogram     | Starting optimization with 40 products
2025-07-02 17:21:21,345 | INFO     | base_optimizer  | create_planogram     | After store filtering: 40 products
2025-07-02 17:21:21,345 | INFO     | product_optimizer | optimize             | Running product optimization with strategy: category_grouped
2025-07-02 17:21:21,346 | INFO     | base_optimizer  | create_planogram     | Optimization completed in 0.00s
2025-07-02 17:21:21,346 | INFO     | base_optimizer  | create_planogram     | Placed 9 products with 36 facings
2025-07-02 17:21:21,346 | INFO     | main            | visualize_and_export_results | Creating visualization...
2025-07-02 17:21:22,043 | INFO     | planogram_visualizer | visualize_planogram  | Planogram saved to output/cases_AAR_category_grouped.png
2025-07-02 17:21:22,043 | INFO     | main            | visualize_and_export_results | Creating quantity heatmap...
2025-07-02 17:21:22,356 | INFO     | main            | visualize_and_export_results | Exporting results...
2025-07-02 17:21:22,359 | INFO     | export_handler  | export_to_json       | Exported planogram to output\cases_AAR_category_grouped.json
2025-07-02 17:21:22,584 | INFO     | export_handler  | export_to_excel      | Exported planogram to output\cases_AAR_category_grouped.xlsx
2025-07-02 17:21:22,587 | INFO     | export_handler  | export_to_csv        | Exported 2 CSV files
2025-07-02 17:33:09,654 | INFO     | logger          | __init__             | Logging initialized. Log file: logs\planogram_20250702.log
2025-07-02 17:33:23,369 | INFO     | main            | run_product_category_optimization | Loading Phone Cases for APP store...
2025-07-02 17:33:23,389 | INFO     | main            | run_product_category_optimization | Loaded 399 products in Phone Cases
2025-07-02 17:33:23,395 | INFO     | main            | run_product_category_optimization | Running balanced optimization...
2025-07-02 17:33:23,395 | INFO     | base_optimizer  | create_planogram     | Starting optimization with 399 products
2025-07-02 17:33:23,396 | INFO     | base_optimizer  | create_planogram     | After store filtering: 399 products
2025-07-02 17:33:23,396 | INFO     | product_optimizer | optimize             | Running product optimization with strategy: balanced
2025-07-02 17:33:23,398 | INFO     | base_optimizer  | create_planogram     | Optimization completed in 0.00s
2025-07-02 17:33:23,398 | INFO     | base_optimizer  | create_planogram     | Placed 27 products with 94 facings
2025-07-02 17:33:23,398 | INFO     | main            | visualize_and_export_results | Creating visualization...
2025-07-02 17:33:24,487 | INFO     | planogram_visualizer | visualize_planogram  | Planogram saved to output/cases_APP_balanced.png
2025-07-02 17:33:24,487 | INFO     | main            | visualize_and_export_results | Creating quantity heatmap...
2025-07-02 17:33:24,823 | INFO     | main            | visualize_and_export_results | Exporting results...
2025-07-02 17:33:24,826 | INFO     | export_handler  | export_to_json       | Exported planogram to output\cases_APP_balanced.json
2025-07-02 17:33:25,067 | INFO     | export_handler  | export_to_excel      | Exported planogram to output\cases_APP_balanced.xlsx
2025-07-02 17:33:25,072 | INFO     | export_handler  | export_to_csv        | Exported 2 CSV files
2025-07-02 17:48:07,832 | INFO     | logger          | __init__             | Logging initialized. Log file: logs\planogram_20250702.log
2025-07-02 17:48:24,593 | INFO     | main            | run_product_category_optimization | Loading Phone Cases for APP store...
2025-07-02 17:48:24,619 | INFO     | main            | run_product_category_optimization | Loaded 399 products in Phone Cases
2025-07-02 17:48:24,625 | INFO     | main            | run_product_category_optimization | Running balanced optimization...
2025-07-02 17:48:24,625 | INFO     | base_optimizer  | create_planogram     | Starting optimization with 399 products
2025-07-02 17:48:24,625 | INFO     | base_optimizer  | create_planogram     | After store filtering: 399 products
2025-07-02 17:48:24,625 | INFO     | product_optimizer | optimize             | Running product optimization with strategy: balanced
2025-07-02 17:48:24,625 | INFO     | base_optimizer  | create_planogram     | Optimization completed in 0.00s
2025-07-02 17:48:24,625 | INFO     | base_optimizer  | create_planogram     | Placed 27 products with 94 facings
2025-07-02 17:48:24,625 | INFO     | main            | visualize_and_export_results | Creating visualization...
2025-07-02 17:48:25,371 | INFO     | planogram_visualizer | visualize_planogram  | Planogram saved to output/cases_APP_balanced.png
2025-07-02 17:48:25,371 | INFO     | main            | visualize_and_export_results | Creating retail grid planogram...
2025-07-02 17:48:25,844 | INFO     | planogram_visualizer | create_retail_grid_planogram | Retail grid planogram saved to output/cases_APP_balanced_retail_grid.png
2025-07-02 17:48:25,844 | INFO     | main            | visualize_and_export_results | Creating quantity heatmap...
2025-07-02 17:48:26,144 | INFO     | main            | visualize_and_export_results | Exporting results...
2025-07-02 17:48:26,160 | INFO     | export_handler  | export_to_json       | Exported planogram to output\cases_APP_balanced.json
2025-07-02 17:48:26,373 | INFO     | export_handler  | export_to_excel      | Exported planogram to output\cases_APP_balanced.xlsx
2025-07-02 17:48:26,376 | INFO     | export_handler  | export_to_csv        | Exported 2 CSV files
2025-07-02 17:55:49,305 | INFO     | logger          | __init__             | Logging initialized. Log file: logs\planogram_20250702.log
2025-07-02 17:56:06,541 | INFO     | main            | run_product_category_optimization | Loading Phone Cases for APR store...
2025-07-02 17:56:06,557 | INFO     | main            | run_product_category_optimization | Loaded 399 products in Phone Cases
2025-07-02 17:56:06,562 | INFO     | main            | run_product_category_optimization | Running balanced optimization...
2025-07-02 17:56:06,562 | INFO     | base_optimizer  | create_planogram     | Starting optimization with 50 products
2025-07-02 17:56:06,562 | INFO     | base_optimizer  | create_planogram     | After store filtering: 50 products
2025-07-02 17:56:06,562 | INFO     | product_optimizer | optimize             | Running product optimization with strategy: balanced
2025-07-02 17:56:06,563 | INFO     | base_optimizer  | create_planogram     | Optimization completed in 0.00s
2025-07-02 17:56:06,563 | INFO     | base_optimizer  | create_planogram     | Placed 10 products with 48 facings
2025-07-02 17:56:06,563 | INFO     | main            | visualize_and_export_results | Creating visualization...
2025-07-02 17:56:06,563 | INFO     | main            | visualize_and_export_results | Creating retail planogram...
2025-07-02 17:56:06,896 | INFO     | planogram_visualizer | create_realistic_retail_planogram | Realistic retail planogram saved to output/cases_APR_balanced_retail.png
2025-07-02 17:58:10,508 | INFO     | logger          | __init__             | Logging initialized. Log file: logs\planogram_20250702.log
2025-07-02 17:58:28,708 | INFO     | main            | run_product_category_optimization | Loading Phone Cases for APP store...
2025-07-02 17:58:28,723 | INFO     | main            | run_product_category_optimization | Loaded 399 products in Phone Cases
2025-07-02 17:58:28,723 | INFO     | main            | run_product_category_optimization | Running balanced optimization...
2025-07-02 17:58:28,723 | INFO     | base_optimizer  | create_planogram     | Starting optimization with 399 products
2025-07-02 17:58:28,723 | INFO     | base_optimizer  | create_planogram     | After store filtering: 399 products
2025-07-02 17:58:28,723 | INFO     | product_optimizer | optimize             | Running product optimization with strategy: balanced
2025-07-02 17:58:28,723 | INFO     | base_optimizer  | create_planogram     | Optimization completed in 0.00s
2025-07-02 17:58:28,723 | INFO     | base_optimizer  | create_planogram     | Placed 27 products with 94 facings
2025-07-02 17:58:28,723 | INFO     | main            | visualize_and_export_results | Creating visualization...
2025-07-02 17:58:28,723 | INFO     | main            | visualize_and_export_results | Creating retail planogram...
2025-07-02 17:58:29,167 | INFO     | planogram_visualizer | create_realistic_retail_planogram | Realistic retail planogram saved to output/cases_APP_balanced_retail.png
2025-07-02 18:01:32,537 | INFO     | logger          | __init__             | Logging initialized. Log file: logs\planogram_20250702.log
2025-07-02 18:03:03,547 | INFO     | main            | run_product_category_optimization | Loading Phone Cases for APP store...
2025-07-02 18:03:03,569 | INFO     | main            | run_product_category_optimization | Loaded 399 products in Phone Cases
2025-07-02 18:03:03,572 | INFO     | main            | run_product_category_optimization | Running category_grouped optimization...
2025-07-02 18:03:03,572 | INFO     | base_optimizer  | create_planogram     | Starting optimization with 399 products
2025-07-02 18:03:03,572 | INFO     | base_optimizer  | create_planogram     | After store filtering: 399 products
2025-07-02 18:03:03,572 | INFO     | product_optimizer | optimize             | Running product optimization with strategy: category_grouped
2025-07-02 18:03:03,572 | INFO     | base_optimizer  | create_planogram     | Optimization completed in 0.00s
2025-07-02 18:03:03,572 | INFO     | base_optimizer  | create_planogram     | Placed 27 products with 94 facings
2025-07-02 18:03:03,572 | INFO     | main            | visualize_and_export_results | Creating visualization...
2025-07-02 18:03:03,572 | INFO     | main            | visualize_and_export_results | Creating retail planogram...
2025-07-02 18:03:04,248 | INFO     | planogram_visualizer | create_realistic_retail_planogram | Realistic retail planogram saved to output/cases_APP_category_grouped_retail.png
2025-07-02 18:07:18,326 | INFO     | logger          | __init__             | Logging initialized. Log file: logs\planogram_20250702.log
2025-07-02 18:08:20,472 | INFO     | main            | run_product_category_optimization | Loading Phone Cases for APP store...
2025-07-02 18:08:20,494 | INFO     | main            | run_product_category_optimization | Loaded 399 products in Phone Cases
2025-07-02 18:08:20,502 | INFO     | main            | run_product_category_optimization | Running sales_velocity optimization...
2025-07-02 18:08:20,502 | INFO     | base_optimizer  | create_planogram     | Starting optimization with 180 products
2025-07-02 18:08:20,502 | INFO     | base_optimizer  | create_planogram     | After store filtering: 180 products
2025-07-02 18:08:20,502 | INFO     | product_optimizer | optimize             | Running product optimization with strategy: sales_velocity
2025-07-02 18:08:20,504 | INFO     | base_optimizer  | create_planogram     | Optimization completed in 0.00s
2025-07-02 18:08:20,504 | INFO     | base_optimizer  | create_planogram     | Placed 30 products with 120 facings
2025-07-02 18:08:20,504 | INFO     | main            | visualize_and_export_results | Creating visualization...
2025-07-02 18:08:20,504 | INFO     | main            | visualize_and_export_results | Creating retail planogram...
2025-07-02 18:08:21,299 | INFO     | planogram_visualizer | create_realistic_retail_planogram | Realistic retail planogram saved to output/cases_APP_sales_velocity_retail.png
